<?xml version="1.0" encoding="UTF-8"?>
<!-- Generated by org.testng.reporters.JUnitXMLReporter -->
<testsuite ignored="0" hostname="IN-OLX-PF2SH88V" failures="0" tests="3" name="Default test" time="104.149" errors="0" timestamp="2024-03-31T16:21:29 IST">
  <testcase classname="Popitems.PopularItemsTest" name="laptoptest" time="23.147"/>
  <testcase classname="Popitems.PopularItemsTest" name="spkrtest" time="20.787"/>
  <testcase classname="Popitems.PopularItemsTest" name="tablettest" time="15.394"/>
</testsuite> <!-- Default test -->
