<?xml version="1.0" encoding="UTF-8"?>
<testng-results ignored="0" total="3" passed="3" failed="0" skipped="0">
  <reporter-output>
  </reporter-output>
  <suite started-at="2024-03-31T16:19:45 IST" name="Default suite" finished-at="2024-03-31T16:21:29 IST" duration-ms="104149">
    <groups>
    </groups>
    <test started-at="2024-03-31T16:19:45 IST" name="Default test" finished-at="2024-03-31T16:21:29 IST" duration-ms="104149">
      <class name="Popitems.PopularItemsTest">
        <test-method is-config="true" signature="Starttest()[pri:0, instance:Popitems.PopularItemsTest@3b0fe47a]" started-at="2024-03-31T16:19:45 IST" name="Starttest" finished-at="2024-03-31T16:19:45 IST" duration-ms="13" status="PASS">
          <reporter-output>
          </reporter-output>
        </test-method> <!-- Starttest -->
        <test-method is-config="true" signature="openbrowser()[pri:0, instance:Popitems.PopularItemsTest@3b0fe47a]" started-at="2024-03-31T16:19:45 IST" name="openbrowser" finished-at="2024-03-31T16:20:01 IST" duration-ms="15681" status="PASS">
          <reporter-output>
          </reporter-output>
        </test-method> <!-- openbrowser -->
        <test-method signature="laptoptest()[pri:0, instance:Popitems.PopularItemsTest@3b0fe47a]" started-at="2024-03-31T16:20:01 IST" name="laptoptest" finished-at="2024-03-31T16:20:24 IST" duration-ms="23147" status="PASS">
          <reporter-output>
          </reporter-output>
        </test-method> <!-- laptoptest -->
        <test-method is-config="true" signature="closebrowser()[pri:0, instance:Popitems.PopularItemsTest@3b0fe47a]" started-at="2024-03-31T16:20:24 IST" name="closebrowser" finished-at="2024-03-31T16:20:25 IST" duration-ms="1300" status="PASS">
          <reporter-output>
          </reporter-output>
        </test-method> <!-- closebrowser -->
        <test-method is-config="true" signature="openbrowser()[pri:0, instance:Popitems.PopularItemsTest@3b0fe47a]" started-at="2024-03-31T16:20:25 IST" name="openbrowser" finished-at="2024-03-31T16:20:40 IST" duration-ms="15078" status="PASS">
          <reporter-output>
          </reporter-output>
        </test-method> <!-- openbrowser -->
        <test-method signature="spkrtest()[pri:0, instance:Popitems.PopularItemsTest@3b0fe47a]" started-at="2024-03-31T16:20:40 IST" name="spkrtest" finished-at="2024-03-31T16:21:01 IST" duration-ms="20787" status="PASS">
          <reporter-output>
          </reporter-output>
        </test-method> <!-- spkrtest -->
        <test-method is-config="true" signature="closebrowser()[pri:0, instance:Popitems.PopularItemsTest@3b0fe47a]" started-at="2024-03-31T16:21:01 IST" name="closebrowser" finished-at="2024-03-31T16:21:02 IST" duration-ms="1020" status="PASS">
          <reporter-output>
          </reporter-output>
        </test-method> <!-- closebrowser -->
        <test-method is-config="true" signature="openbrowser()[pri:0, instance:Popitems.PopularItemsTest@3b0fe47a]" started-at="2024-03-31T16:21:02 IST" name="openbrowser" finished-at="2024-03-31T16:21:13 IST" duration-ms="10639" status="PASS">
          <reporter-output>
          </reporter-output>
        </test-method> <!-- openbrowser -->
        <test-method signature="tablettest()[pri:0, instance:Popitems.PopularItemsTest@3b0fe47a]" started-at="2024-03-31T16:21:13 IST" name="tablettest" finished-at="2024-03-31T16:21:28 IST" duration-ms="15394" status="PASS">
          <reporter-output>
          </reporter-output>
        </test-method> <!-- tablettest -->
        <test-method is-config="true" signature="closebrowser()[pri:0, instance:Popitems.PopularItemsTest@3b0fe47a]" started-at="2024-03-31T16:21:28 IST" name="closebrowser" finished-at="2024-03-31T16:21:29 IST" duration-ms="1028" status="PASS">
          <reporter-output>
          </reporter-output>
        </test-method> <!-- closebrowser -->
        <test-method is-config="true" signature="endtest()[pri:0, instance:Popitems.PopularItemsTest@3b0fe47a]" started-at="2024-03-31T16:21:29 IST" name="endtest" finished-at="2024-03-31T16:21:29 IST" duration-ms="0" status="PASS">
          <reporter-output>
          </reporter-output>
        </test-method> <!-- endtest -->
      </class> <!-- Popitems.PopularItemsTest -->
    </test> <!-- Default test -->
  </suite> <!-- Default suite -->
</testng-results>
